# JRE version: Java(TM) SE Runtime Environment (8.0_181-b13) (build 1.8.0_181-b13)
# Java VM: Java HotSpot(TM) 64-Bit Server VM (25.181-b13 mixed mode windows-amd64 compressed oops)
Heap:
 PSYoungGen      total 141824K, used 117190K [0x00000000da180000, 0x00000000eb680000, 0x0000000100000000)
  eden space 131072K, 89% used [0x00000000da180000,0x00000000e13f19a0,0x00000000e2180000)
  from space 10752K, 0% used [0x00000000e2180000,0x00000000e2180000,0x00000000e2c00000)
  to   space 10752K, 0% used [0x00000000eac00000,0x00000000eac00000,0x00000000eb680000)
 ParOldGen       total 114688K, used 14317K [0x000000008e400000, 0x0000000095400000, 0x00000000da180000)
  object space 114688K, 12% used [0x000000008e400000,0x000000008f1fb528,0x0000000095400000)
 Metaspace       used 28543K, capacity 29184K, committed 29312K, reserved 1075200K
  class space    used 3492K, capacity 3704K, committed 3712K, reserved 1048576K
GC Heap History (8 events):
Event: 3.118 GC heap before
{Heap before GC invocations=1 (full 0):
 PSYoungGen      total 76288K, used 65536K [0x00000000da180000, 0x00000000df680000, 0x0000000100000000)
  eden space 65536K, 100% used [0x00000000da180000,0x00000000de180000,0x00000000de180000)
  from space 10752K, 0% used [0x00000000dec00000,0x00000000dec00000,0x00000000df680000)
  to   space 10752K, 0% used [0x00000000de180000,0x00000000de180000,0x00000000dec00000)
 ParOldGen       total 175104K, used 0K [0x000000008e400000, 0x0000000098f00000, 0x00000000da180000)
  object space 175104K, 0% used [0x000000008e400000,0x000000008e400000,0x0000000098f00000)
 Metaspace       used 10004K, capacity 10102K, committed 10496K, reserved 1058816K
  class space    used 1119K, capacity 1169K, committed 1280K, reserved 1048576K
Event: 3.164 GC heap after
Heap after GC invocations=1 (full 0):
 PSYoungGen      total 76288K, used 7241K [0x00000000da180000, 0x00000000e3680000, 0x0000000100000000)
  eden space 65536K, 0% used [0x00000000da180000,0x00000000da180000,0x00000000de180000)
  from space 10752K, 67% used [0x00000000de180000,0x00000000de8927e0,0x00000000dec00000)
  to   space 10752K, 0% used [0x00000000e2c00000,0x00000000e2c00000,0x00000000e3680000)
 ParOldGen       total 175104K, used 8K [0x000000008e400000, 0x0000000098f00000, 0x00000000da180000)
  object space 175104K, 0% used [0x000000008e400000,0x000000008e402000,0x0000000098f00000)
 Metaspace       used 10004K, capacity 10102K, committed 10496K, reserved 1058816K
  class space    used 1119K, capacity 1169K, committed 1280K, reserved 1048576K
}
Event: 7.082 GC heap before
{Heap before GC invocations=2 (full 0):
 PSYoungGen      total 76288K, used 72777K [0x00000000da180000, 0x00000000e3680000, 0x0000000100000000)
  eden space 65536K, 100% used [0x00000000da180000,0x00000000de180000,0x00000000de180000)
  from space 10752K, 67% used [0x00000000de180000,0x00000000de8927e0,0x00000000dec00000)
  to   space 10752K, 0% used [0x00000000e2c00000,0x00000000e2c00000,0x00000000e3680000)
 ParOldGen       total 175104K, used 8K [0x000000008e400000, 0x0000000098f00000, 0x00000000da180000)
  object space 175104K, 0% used [0x000000008e400000,0x000000008e402000,0x0000000098f00000)
 Metaspace       used 16927K, capacity 17120K, committed 17408K, reserved 1064960K
  class space    used 1861K, capacity 1933K, committed 2048K, reserved 1048576K
Event: 7.177 GC heap after
Heap after GC invocations=2 (full 0):
 PSYoungGen      total 141824K, used 9426K [0x00000000da180000, 0x00000000e3680000, 0x0000000100000000)
  eden space 131072K, 0% used [0x00000000da180000,0x00000000da180000,0x00000000e2180000)
  from space 10752K, 87% used [0x00000000e2c00000,0x00000000e3534ad8,0x00000000e3680000)
  to   space 10752K, 0% used [0x00000000e2180000,0x00000000e2180000,0x00000000e2c00000)
 ParOldGen       total 175104K, used 16K [0x000000008e400000, 0x0000000098f00000, 0x00000000da180000)
  object space 175104K, 0% used [0x000000008e400000,0x000000008e404000,0x0000000098f00000)
 Metaspace       used 16927K, capacity 17120K, committed 17408K, reserved 1064960K
  class space    used 1861K, capacity 1933K, committed 2048K, reserved 1048576K
}
Event: 10.573 GC heap before
{Heap before GC invocations=3 (full 0):
 PSYoungGen      total 141824K, used 121198K [0x00000000da180000, 0x00000000e3680000, 0x0000000100000000)
  eden space 131072K, 85% used [0x00000000da180000,0x00000000e0ea7010,0x00000000e2180000)
  from space 10752K, 87% used [0x00000000e2c00000,0x00000000e3534ad8,0x00000000e3680000)
  to   space 10752K, 0% used [0x00000000e2180000,0x00000000e2180000,0x00000000e2c00000)
 ParOldGen       total 175104K, used 16K [0x000000008e400000, 0x0000000098f00000, 0x00000000da180000)
  object space 175104K, 0% used [0x000000008e400000,0x000000008e404000,0x0000000098f00000)
 Metaspace       used 20843K, capacity 21110K, committed 21296K, reserved 1069056K
  class space    used 2310K, capacity 2408K, committed 2432K, reserved 1048576K
Event: 10.592 GC heap after
Heap after GC invocations=3 (full 0):
 PSYoungGen      total 141824K, used 10745K [0x00000000da180000, 0x00000000eb680000, 0x0000000100000000)
  eden space 131072K, 0% used [0x00000000da180000,0x00000000da180000,0x00000000e2180000)
  from space 10752K, 99% used [0x00000000e2180000,0x00000000e2bfe4d0,0x00000000e2c00000)
  to   space 10752K, 0% used [0x00000000eac00000,0x00000000eac00000,0x00000000eb680000)
 ParOldGen       total 175104K, used 3757K [0x000000008e400000, 0x0000000098f00000, 0x00000000da180000)
  object space 175104K, 2% used [0x000000008e400000,0x000000008e7ab6c0,0x0000000098f00000)
 Metaspace       used 20843K, capacity 21110K, committed 21296K, reserved 1069056K
  class space    used 2310K, capacity 2408K, committed 2432K, reserved 1048576K
}
Event: 10.592 GC heap before
{Heap before GC invocations=4 (full 1):
 PSYoungGen      total 141824K, used 10745K [0x00000000da180000, 0x00000000eb680000, 0x0000000100000000)
  eden space 131072K, 0% used [0x00000000da180000,0x00000000da180000,0x00000000e2180000)
  from space 10752K, 99% used [0x00000000e2180000,0x00000000e2bfe4d0,0x00000000e2c00000)
  to   space 10752K, 0% used [0x00000000eac00000,0x00000000eac00000,0x00000000eb680000)
 ParOldGen       total 175104K, used 3757K [0x000000008e400000, 0x0000000098f00000, 0x00000000da180000)
  object space 175104K, 2% used [0x000000008e400000,0x000000008e7ab6c0,0x0000000098f00000)
 Metaspace       used 20843K, capacity 21110K, committed 21296K, reserved 1069056K
  class space    used 2310K, capacity 2408K, committed 2432K, reserved 1048576K
Event: 10.727 GC heap after
Heap after GC invocations=4 (full 1):
 PSYoungGen      total 141824K, used 0K [0x00000000da180000, 0x00000000eb680000, 0x0000000100000000)
  eden space 131072K, 0% used [0x00000000da180000,0x00000000da180000,0x00000000e2180000)
  from space 10752K, 0% used [0x00000000e2180000,0x00000000e2180000,0x00000000e2c00000)
  to   space 10752K, 0% used [0x00000000eac00000,0x00000000eac00000,0x00000000eb680000)
 ParOldGen       total 114688K, used 14317K [0x000000008e400000, 0x0000000095400000, 0x00000000da180000)
  object space 114688K, 12% used [0x000000008e400000,0x000000008f1fb528,0x0000000095400000)
 Metaspace       used 20843K, capacity 21110K, committed 21296K, reserved 1069056K
  class space    used 2310K, capacity 2408K, committed 2432K, reserved 1048576K
}

