# JRE version: Java(TM) SE Runtime Environment (8.0_181-b13) (build 1.8.0_181-b13)
# Java VM: Java HotSpot(TM) 64-Bit Server VM (25.181-b13 mixed mode windows-amd64 compressed oops)
Heap:
 PSYoungGen      total 141824K, used 88513K [0x00000000da180000, 0x00000000eb680000, 0x0000000100000000)
  eden space 131072K, 67% used [0x00000000da180000,0x00000000df7f0538,0x00000000e2180000)
  from space 10752K, 0% used [0x00000000e2180000,0x00000000e2180000,0x00000000e2c00000)
  to   space 10752K, 0% used [0x00000000eac00000,0x00000000eac00000,0x00000000eb680000)
 ParOldGen       total 126464K, used 14389K [0x000000008e400000, 0x0000000095f80000, 0x00000000da180000)
  object space 126464K, 11% used [0x000000008e400000,0x000000008f20d658,0x0000000095f80000)
 Metaspace       used 27897K, capacity 28436K, committed 28800K, reserved 1075200K
  class space    used 3398K, capacity 3600K, committed 3712K, reserved 1048576K
GC Heap History (8 events):
Event: 2.757 GC heap before
{Heap before GC invocations=1 (full 0):
 PSYoungGen      total 76288K, used 65536K [0x00000000da180000, 0x00000000df680000, 0x0000000100000000)
  eden space 65536K, 100% used [0x00000000da180000,0x00000000de180000,0x00000000de180000)
  from space 10752K, 0% used [0x00000000dec00000,0x00000000dec00000,0x00000000df680000)
  to   space 10752K, 0% used [0x00000000de180000,0x00000000de180000,0x00000000dec00000)
 ParOldGen       total 175104K, used 0K [0x000000008e400000, 0x0000000098f00000, 0x00000000da180000)
  object space 175104K, 0% used [0x000000008e400000,0x000000008e400000,0x0000000098f00000)
 Metaspace       used 10022K, capacity 10102K, committed 10496K, reserved 1058816K
  class space    used 1122K, capacity 1169K, committed 1280K, reserved 1048576K
Event: 2.806 GC heap after
Heap after GC invocations=1 (full 0):
 PSYoungGen      total 76288K, used 7263K [0x00000000da180000, 0x00000000e3680000, 0x0000000100000000)
  eden space 65536K, 0% used [0x00000000da180000,0x00000000da180000,0x00000000de180000)
  from space 10752K, 67% used [0x00000000de180000,0x00000000de897db8,0x00000000dec00000)
  to   space 10752K, 0% used [0x00000000e2c00000,0x00000000e2c00000,0x00000000e3680000)
 ParOldGen       total 175104K, used 8K [0x000000008e400000, 0x0000000098f00000, 0x00000000da180000)
  object space 175104K, 0% used [0x000000008e400000,0x000000008e402000,0x0000000098f00000)
 Metaspace       used 10022K, capacity 10102K, committed 10496K, reserved 1058816K
  class space    used 1122K, capacity 1169K, committed 1280K, reserved 1048576K
}
Event: 5.425 GC heap before
{Heap before GC invocations=2 (full 0):
 PSYoungGen      total 76288K, used 72799K [0x00000000da180000, 0x00000000e3680000, 0x0000000100000000)
  eden space 65536K, 100% used [0x00000000da180000,0x00000000de180000,0x00000000de180000)
  from space 10752K, 67% used [0x00000000de180000,0x00000000de897db8,0x00000000dec00000)
  to   space 10752K, 0% used [0x00000000e2c00000,0x00000000e2c00000,0x00000000e3680000)
 ParOldGen       total 175104K, used 8K [0x000000008e400000, 0x0000000098f00000, 0x00000000da180000)
  object space 175104K, 0% used [0x000000008e400000,0x000000008e402000,0x0000000098f00000)
 Metaspace       used 16959K, capacity 17120K, committed 17408K, reserved 1064960K
  class space    used 1861K, capacity 1933K, committed 2048K, reserved 1048576K
Event: 5.486 GC heap after
Heap after GC invocations=2 (full 0):
 PSYoungGen      total 141824K, used 9404K [0x00000000da180000, 0x00000000e3680000, 0x0000000100000000)
  eden space 131072K, 0% used [0x00000000da180000,0x00000000da180000,0x00000000e2180000)
  from space 10752K, 87% used [0x00000000e2c00000,0x00000000e352f0d0,0x00000000e3680000)
  to   space 10752K, 0% used [0x00000000e2180000,0x00000000e2180000,0x00000000e2c00000)
 ParOldGen       total 175104K, used 16K [0x000000008e400000, 0x0000000098f00000, 0x00000000da180000)
  object space 175104K, 0% used [0x000000008e400000,0x000000008e404000,0x0000000098f00000)
 Metaspace       used 16959K, capacity 17120K, committed 17408K, reserved 1064960K
  class space    used 1861K, capacity 1933K, committed 2048K, reserved 1048576K
}
Event: 8.323 GC heap before
{Heap before GC invocations=3 (full 0):
 PSYoungGen      total 141824K, used 134102K [0x00000000da180000, 0x00000000e3680000, 0x0000000100000000)
  eden space 131072K, 95% used [0x00000000da180000,0x00000000e1b46890,0x00000000e2180000)
  from space 10752K, 87% used [0x00000000e2c00000,0x00000000e352f0d0,0x00000000e3680000)
  to   space 10752K, 0% used [0x00000000e2180000,0x00000000e2180000,0x00000000e2c00000)
 ParOldGen       total 175104K, used 16K [0x000000008e400000, 0x0000000098f00000, 0x00000000da180000)
  object space 175104K, 0% used [0x000000008e400000,0x000000008e404000,0x0000000098f00000)
 Metaspace       used 20887K, capacity 21156K, committed 21296K, reserved 1069056K
  class space    used 2327K, capacity 2422K, committed 2432K, reserved 1048576K
Event: 8.386 GC heap after
Heap after GC invocations=3 (full 0):
 PSYoungGen      total 141824K, used 10736K [0x00000000da180000, 0x00000000eb680000, 0x0000000100000000)
  eden space 131072K, 0% used [0x00000000da180000,0x00000000da180000,0x00000000e2180000)
  from space 10752K, 99% used [0x00000000e2180000,0x00000000e2bfc038,0x00000000e2c00000)
  to   space 10752K, 0% used [0x00000000eac00000,0x00000000eac00000,0x00000000eb680000)
 ParOldGen       total 175104K, used 3817K [0x000000008e400000, 0x0000000098f00000, 0x00000000da180000)
  object space 175104K, 2% used [0x000000008e400000,0x000000008e7ba728,0x0000000098f00000)
 Metaspace       used 20887K, capacity 21156K, committed 21296K, reserved 1069056K
  class space    used 2327K, capacity 2422K, committed 2432K, reserved 1048576K
}
Event: 8.386 GC heap before
{Heap before GC invocations=4 (full 1):
 PSYoungGen      total 141824K, used 10736K [0x00000000da180000, 0x00000000eb680000, 0x0000000100000000)
  eden space 131072K, 0% used [0x00000000da180000,0x00000000da180000,0x00000000e2180000)
  from space 10752K, 99% used [0x00000000e2180000,0x00000000e2bfc038,0x00000000e2c00000)
  to   space 10752K, 0% used [0x00000000eac00000,0x00000000eac00000,0x00000000eb680000)
 ParOldGen       total 175104K, used 3817K [0x000000008e400000, 0x0000000098f00000, 0x00000000da180000)
  object space 175104K, 2% used [0x000000008e400000,0x000000008e7ba728,0x0000000098f00000)
 Metaspace       used 20887K, capacity 21156K, committed 21296K, reserved 1069056K
  class space    used 2327K, capacity 2422K, committed 2432K, reserved 1048576K
Event: 8.703 GC heap after
Heap after GC invocations=4 (full 1):
 PSYoungGen      total 141824K, used 0K [0x00000000da180000, 0x00000000eb680000, 0x0000000100000000)
  eden space 131072K, 0% used [0x00000000da180000,0x00000000da180000,0x00000000e2180000)
  from space 10752K, 0% used [0x00000000e2180000,0x00000000e2180000,0x00000000e2c00000)
  to   space 10752K, 0% used [0x00000000eac00000,0x00000000eac00000,0x00000000eb680000)
 ParOldGen       total 126464K, used 14389K [0x000000008e400000, 0x0000000095f80000, 0x00000000da180000)
  object space 126464K, 11% used [0x000000008e400000,0x000000008f20d658,0x0000000095f80000)
 Metaspace       used 20887K, capacity 21156K, committed 21296K, reserved 1069056K
  class space    used 2327K, capacity 2422K, committed 2432K, reserved 1048576K
}

