# JRE version: Java(TM) SE Runtime Environment (8.0_181-b13) (build 1.8.0_181-b13)
# Java VM: Java HotSpot(TM) 64-Bit Server VM (25.181-b13 mixed mode windows-amd64 compressed oops)
Heap:
 PSYoungGen      total 76288K, used 48136K [0x00000000da180000, 0x00000000df680000, 0x0000000100000000)
  eden space 65536K, 59% used [0x00000000da180000,0x00000000dc773208,0x00000000de180000)
  from space 10752K, 86% used [0x00000000dec00000,0x00000000df50f110,0x00000000df680000)
  to   space 10752K, 0% used [0x00000000de180000,0x00000000de180000,0x00000000dec00000)
 ParOldGen       total 175104K, used 88K [0x000000008e400000, 0x0000000098f00000, 0x00000000da180000)
  object space 175104K, 0% used [0x000000008e400000,0x000000008e416010,0x0000000098f00000)
 Metaspace       used 19658K, capacity 19882K, committed 20352K, reserved 1067008K
  class space    used 2223K, capacity 2325K, committed 2432K, reserved 1048576K
GC Heap History (4 events):
Event: 1.961 GC heap before
{Heap before GC invocations=1 (full 0):
 PSYoungGen      total 76288K, used 65536K [0x00000000da180000, 0x00000000df680000, 0x0000000100000000)
  eden space 65536K, 100% used [0x00000000da180000,0x00000000de180000,0x00000000de180000)
  from space 10752K, 0% used [0x00000000dec00000,0x00000000dec00000,0x00000000df680000)
  to   space 10752K, 0% used [0x00000000de180000,0x00000000de180000,0x00000000dec00000)
 ParOldGen       total 175104K, used 0K [0x000000008e400000, 0x0000000098f00000, 0x00000000da180000)
  object space 175104K, 0% used [0x000000008e400000,0x000000008e400000,0x0000000098f00000)
 Metaspace       used 10022K, capacity 10086K, committed 10496K, reserved 1058816K
  class space    used 1123K, capacity 1169K, committed 1280K, reserved 1048576K
Event: 1.969 GC heap after
Heap after GC invocations=1 (full 0):
 PSYoungGen      total 76288K, used 7301K [0x00000000da180000, 0x00000000df680000, 0x0000000100000000)
  eden space 65536K, 0% used [0x00000000da180000,0x00000000da180000,0x00000000de180000)
  from space 10752K, 67% used [0x00000000de180000,0x00000000de8a1460,0x00000000dec00000)
  to   space 10752K, 0% used [0x00000000dec00000,0x00000000dec00000,0x00000000df680000)
 ParOldGen       total 175104K, used 16K [0x000000008e400000, 0x0000000098f00000, 0x00000000da180000)
  object space 175104K, 0% used [0x000000008e400000,0x000000008e404000,0x0000000098f00000)
 Metaspace       used 10022K, capacity 10086K, committed 10496K, reserved 1058816K
  class space    used 1123K, capacity 1169K, committed 1280K, reserved 1048576K
}
Event: 2.916 GC heap before
{Heap before GC invocations=2 (full 0):
 PSYoungGen      total 76288K, used 72837K [0x00000000da180000, 0x00000000df680000, 0x0000000100000000)
  eden space 65536K, 100% used [0x00000000da180000,0x00000000de180000,0x00000000de180000)
  from space 10752K, 67% used [0x00000000de180000,0x00000000de8a1460,0x00000000dec00000)
  to   space 10752K, 0% used [0x00000000dec00000,0x00000000dec00000,0x00000000df680000)
 ParOldGen       total 175104K, used 16K [0x000000008e400000, 0x0000000098f00000, 0x00000000da180000)
  object space 175104K, 0% used [0x000000008e400000,0x000000008e404000,0x0000000098f00000)
 Metaspace       used 16801K, capacity 16944K, committed 17280K, reserved 1064960K
  class space    used 1838K, capacity 1901K, committed 1920K, reserved 1048576K
Event: 2.925 GC heap after
Heap after GC invocations=2 (full 0):
 PSYoungGen      total 76288K, used 9276K [0x00000000da180000, 0x00000000df680000, 0x0000000100000000)
  eden space 65536K, 0% used [0x00000000da180000,0x00000000da180000,0x00000000de180000)
  from space 10752K, 86% used [0x00000000dec00000,0x00000000df50f110,0x00000000df680000)
  to   space 10752K, 0% used [0x00000000de180000,0x00000000de180000,0x00000000dec00000)
 ParOldGen       total 175104K, used 88K [0x000000008e400000, 0x0000000098f00000, 0x00000000da180000)
  object space 175104K, 0% used [0x000000008e400000,0x000000008e416010,0x0000000098f00000)
 Metaspace       used 16801K, capacity 16944K, committed 17280K, reserved 1064960K
  class space    used 1838K, capacity 1901K, committed 1920K, reserved 1048576K
}

