# JRE version: Java(TM) SE Runtime Environment (8.0_181-b13) (build 1.8.0_181-b13)
# Java VM: Java HotSpot(TM) 64-Bit Server VM (25.181-b13 mixed mode windows-amd64 compressed oops)
Heap:
 PSYoungGen      total 167936K, used 11156K [0x00000000d5580000, 0x00000000e2800000, 0x0000000100000000)
  eden space 152576K, 3% used [0x00000000d5580000,0x00000000d5b26320,0x00000000dea80000)
  from space 15360K, 34% used [0x00000000dea80000,0x00000000defbf0c8,0x00000000df980000)
  to   space 15360K, 0% used [0x00000000e1900000,0x00000000e1900000,0x00000000e2800000)
 ParOldGen       total 106496K, used 13365K [0x0000000080000000, 0x0000000086800000, 0x00000000d5580000)
  object space 106496K, 12% used [0x0000000080000000,0x0000000080d0d778,0x0000000086800000)
 Metaspace       used 30009K, capacity 31058K, committed 31232K, reserved 1077248K
  class space    used 3533K, capacity 3813K, committed 3840K, reserved 1048576K
GC Heap History (10 events):
Event: 6.033 GC heap before
{Heap before GC invocations=6 (full 1):
 PSYoungGen      total 76288K, used 10725K [0x00000000d5580000, 0x00000000df280000, 0x0000000100000000)
  eden space 65536K, 0% used [0x00000000d5580000,0x00000000d5580000,0x00000000d9580000)
  from space 10752K, 99% used [0x00000000d9580000,0x00000000d9ff96d0,0x00000000da000000)
  to   space 14848K, 0% used [0x00000000de400000,0x00000000de400000,0x00000000df280000)
 ParOldGen       total 175104K, used 4156K [0x0000000080000000, 0x000000008ab00000, 0x00000000d5580000)
  object space 175104K, 2% used [0x0000000080000000,0x000000008040f2e8,0x000000008ab00000)
 Metaspace       used 20897K, capacity 21116K, committed 21296K, reserved 1069056K
  class space    used 2336K, capacity 2414K, committed 2432K, reserved 1048576K
Event: 6.255 GC heap after
Heap after GC invocations=6 (full 1):
 PSYoungGen      total 76288K, used 0K [0x00000000d5580000, 0x00000000df280000, 0x0000000100000000)
  eden space 65536K, 0% used [0x00000000d5580000,0x00000000d5580000,0x00000000d9580000)
  from space 10752K, 0% used [0x00000000d9580000,0x00000000d9580000,0x00000000da000000)
  to   space 14848K, 0% used [0x00000000de400000,0x00000000de400000,0x00000000df280000)
 ParOldGen       total 106496K, used 13333K [0x0000000080000000, 0x0000000086800000, 0x00000000d5580000)
  object space 106496K, 12% used [0x0000000080000000,0x0000000080d05778,0x0000000086800000)
 Metaspace       used 20897K, capacity 21116K, committed 21296K, reserved 1069056K
  class space    used 2336K, capacity 2414K, committed 2432K, reserved 1048576K
}
Event: 10.158 GC heap before
{Heap before GC invocations=7 (full 1):
 PSYoungGen      total 76288K, used 65536K [0x00000000d5580000, 0x00000000df280000, 0x0000000100000000)
  eden space 65536K, 100% used [0x00000000d5580000,0x00000000d9580000,0x00000000d9580000)
  from space 10752K, 0% used [0x00000000d9580000,0x00000000d9580000,0x00000000da000000)
  to   space 14848K, 0% used [0x00000000de400000,0x00000000de400000,0x00000000df280000)
 ParOldGen       total 106496K, used 13333K [0x0000000080000000, 0x0000000086800000, 0x00000000d5580000)
  object space 106496K, 12% used [0x0000000080000000,0x0000000080d05778,0x0000000086800000)
 Metaspace       used 26354K, capacity 27052K, committed 27264K, reserved 1073152K
  class space    used 3153K, capacity 3355K, committed 3456K, reserved 1048576K
Event: 10.165 GC heap after
Heap after GC invocations=7 (full 1):
 PSYoungGen      total 109056K, used 6588K [0x00000000d5580000, 0x00000000dea80000, 0x0000000100000000)
  eden space 102400K, 0% used [0x00000000d5580000,0x00000000d5580000,0x00000000db980000)
  from space 6656K, 98% used [0x00000000de400000,0x00000000dea6f358,0x00000000dea80000)
  to   space 15360K, 0% used [0x00000000dcc80000,0x00000000dcc80000,0x00000000ddb80000)
 ParOldGen       total 106496K, used 13341K [0x0000000080000000, 0x0000000086800000, 0x00000000d5580000)
  object space 106496K, 12% used [0x0000000080000000,0x0000000080d07778,0x0000000086800000)
 Metaspace       used 26354K, capacity 27052K, committed 27264K, reserved 1073152K
  class space    used 3153K, capacity 3355K, committed 3456K, reserved 1048576K
}
Event: 38.049 GC heap before
{Heap before GC invocations=8 (full 1):
 PSYoungGen      total 109056K, used 108988K [0x00000000d5580000, 0x00000000dea80000, 0x0000000100000000)
  eden space 102400K, 100% used [0x00000000d5580000,0x00000000db980000,0x00000000db980000)
  from space 6656K, 98% used [0x00000000de400000,0x00000000dea6f358,0x00000000dea80000)
  to   space 15360K, 0% used [0x00000000dcc80000,0x00000000dcc80000,0x00000000ddb80000)
 ParOldGen       total 106496K, used 13341K [0x0000000080000000, 0x0000000086800000, 0x00000000d5580000)
  object space 106496K, 12% used [0x0000000080000000,0x0000000080d07778,0x0000000086800000)
 Metaspace       used 29038K, capacity 29918K, committed 30208K, reserved 1075200K
  class space    used 3499K, capacity 3767K, committed 3840K, reserved 1048576K
Event: 38.056 GC heap after
Heap after GC invocations=8 (full 1):
 PSYoungGen      total 137216K, used 5765K [0x00000000d5580000, 0x00000000e0880000, 0x0000000100000000)
  eden space 121856K, 0% used [0x00000000d5580000,0x00000000d5580000,0x00000000dcc80000)
  from space 15360K, 37% used [0x00000000dcc80000,0x00000000dd221680,0x00000000ddb80000)
  to   space 15360K, 0% used [0x00000000df980000,0x00000000df980000,0x00000000e0880000)
 ParOldGen       total 106496K, used 13349K [0x0000000080000000, 0x0000000086800000, 0x00000000d5580000)
  object space 106496K, 12% used [0x0000000080000000,0x0000000080d09778,0x0000000086800000)
 Metaspace       used 29038K, capacity 29918K, committed 30208K, reserved 1075200K
  class space    used 3499K, capacity 3767K, committed 3840K, reserved 1048576K
}
Event: 225.148 GC heap before
{Heap before GC invocations=9 (full 1):
 PSYoungGen      total 137216K, used 127621K [0x00000000d5580000, 0x00000000e0880000, 0x0000000100000000)
  eden space 121856K, 100% used [0x00000000d5580000,0x00000000dcc80000,0x00000000dcc80000)
  from space 15360K, 37% used [0x00000000dcc80000,0x00000000dd221680,0x00000000ddb80000)
  to   space 15360K, 0% used [0x00000000df980000,0x00000000df980000,0x00000000e0880000)
 ParOldGen       total 106496K, used 13349K [0x0000000080000000, 0x0000000086800000, 0x00000000d5580000)
  object space 106496K, 12% used [0x0000000080000000,0x0000000080d09778,0x0000000086800000)
 Metaspace       used 29495K, capacity 30452K, committed 30720K, reserved 1077248K
  class space    used 3525K, capacity 3798K, committed 3840K, reserved 1048576K
Event: 225.241 GC heap after
Heap after GC invocations=9 (full 1):
 PSYoungGen      total 167936K, used 5552K [0x00000000d5580000, 0x00000000e1c80000, 0x0000000100000000)
  eden space 152576K, 0% used [0x00000000d5580000,0x00000000d5580000,0x00000000dea80000)
  from space 15360K, 36% used [0x00000000df980000,0x00000000dfeec0b8,0x00000000e0880000)
  to   space 15360K, 0% used [0x00000000dea80000,0x00000000dea80000,0x00000000df980000)
 ParOldGen       total 106496K, used 13357K [0x0000000080000000, 0x0000000086800000, 0x00000000d5580000)
  object space 106496K, 12% used [0x0000000080000000,0x0000000080d0b778,0x0000000086800000)
 Metaspace       used 29495K, capacity 30452K, committed 30720K, reserved 1077248K
  class space    used 3525K, capacity 3798K, committed 3840K, reserved 1048576K
}
Event: 315.164 GC heap before
{Heap before GC invocations=10 (full 1):
 PSYoungGen      total 167936K, used 158128K [0x00000000d5580000, 0x00000000e1c80000, 0x0000000100000000)
  eden space 152576K, 100% used [0x00000000d5580000,0x00000000dea80000,0x00000000dea80000)
  from space 15360K, 36% used [0x00000000df980000,0x00000000dfeec0b8,0x00000000e0880000)
  to   space 15360K, 0% used [0x00000000dea80000,0x00000000dea80000,0x00000000df980000)
 ParOldGen       total 106496K, used 13357K [0x0000000080000000, 0x0000000086800000, 0x00000000d5580000)
  object space 106496K, 12% used [0x0000000080000000,0x0000000080d0b778,0x0000000086800000)
 Metaspace       used 30009K, capacity 31058K, committed 31232K, reserved 1077248K
  class space    used 3533K, capacity 3813K, committed 3840K, reserved 1048576K
Event: 315.198 GC heap after
Heap after GC invocations=10 (full 1):
 PSYoungGen      total 167936K, used 5372K [0x00000000d5580000, 0x00000000e2800000, 0x0000000100000000)
  eden space 152576K, 0% used [0x00000000d5580000,0x00000000d5580000,0x00000000dea80000)
  from space 15360K, 34% used [0x00000000dea80000,0x00000000defbf0c8,0x00000000df980000)
  to   space 15360K, 0% used [0x00000000e1900000,0x00000000e1900000,0x00000000e2800000)
 ParOldGen       total 106496K, used 13365K [0x0000000080000000, 0x0000000086800000, 0x00000000d5580000)
  object space 106496K, 12% used [0x0000000080000000,0x0000000080d0d778,0x0000000086800000)
 Metaspace       used 30009K, capacity 31058K, committed 31232K, reserved 1077248K
  class space    used 3533K, capacity 3813K, committed 3840K, reserved 1048576K
}

