# JRE version: Java(TM) SE Runtime Environment (8.0_181-b13) (build 1.8.0_181-b13)
# Java VM: Java HotSpot(TM) 64-Bit Server VM (25.181-b13 mixed mode windows-amd64 compressed oops)
Heap:
 PSYoungGen      total 194048K, used 38289K [0x00000000da180000, 0x00000000e7580000, 0x0000000100000000)
  eden space 180736K, 13% used [0x00000000da180000,0x00000000dba2a7d8,0x00000000e5200000)
  from space 13312K, 97% used [0x00000000e6880000,0x00000000e7539ce8,0x00000000e7580000)
  to   space 14848K, 0% used [0x00000000e5880000,0x00000000e5880000,0x00000000e6700000)
 ParOldGen       total 112640K, used 12934K [0x000000008e400000, 0x0000000095200000, 0x00000000da180000)
  object space 112640K, 11% used [0x000000008e400000,0x000000008f0a1918,0x0000000095200000)
 Metaspace       used 31613K, capacity 32340K, committed 32512K, reserved 1077248K
  class space    used 3796K, capacity 4042K, committed 4096K, reserved 1048576K
GC Heap History (10 events):
Event: 6.182 GC heap before
{Heap before GC invocations=3 (full 0):
 PSYoungGen      total 76288K, used 74885K [0x00000000da180000, 0x00000000e3680000, 0x0000000100000000)
  eden space 65536K, 100% used [0x00000000da180000,0x00000000de180000,0x00000000de180000)
  from space 10752K, 86% used [0x00000000dec00000,0x00000000df521770,0x00000000df680000)
  to   space 10752K, 0% used [0x00000000de180000,0x00000000de180000,0x00000000dec00000)
 ParOldGen       total 175104K, used 80K [0x000000008e400000, 0x0000000098f00000, 0x00000000da180000)
  object space 175104K, 0% used [0x000000008e400000,0x000000008e414010,0x0000000098f00000)
 Metaspace       used 20510K, capacity 20736K, committed 21120K, reserved 1069056K
  class space    used 2283K, capacity 2374K, committed 2432K, reserved 1048576K
Event: 6.254 GC heap after
Heap after GC invocations=3 (full 0):
 PSYoungGen      total 76288K, used 10745K [0x00000000da180000, 0x00000000e3680000, 0x0000000100000000)
  eden space 65536K, 0% used [0x00000000da180000,0x00000000da180000,0x00000000de180000)
  from space 10752K, 99% used [0x00000000de180000,0x00000000debfe5e0,0x00000000dec00000)
  to   space 10752K, 0% used [0x00000000e2c00000,0x00000000e2c00000,0x00000000e3680000)
 ParOldGen       total 175104K, used 530K [0x000000008e400000, 0x0000000098f00000, 0x00000000da180000)
  object space 175104K, 0% used [0x000000008e400000,0x000000008e484a70,0x0000000098f00000)
 Metaspace       used 20510K, capacity 20736K, committed 21120K, reserved 1069056K
  class space    used 2283K, capacity 2374K, committed 2432K, reserved 1048576K
}
Event: 7.007 GC heap before
{Heap before GC invocations=4 (full 0):
 PSYoungGen      total 76288K, used 58740K [0x00000000da180000, 0x00000000e3680000, 0x0000000100000000)
  eden space 65536K, 73% used [0x00000000da180000,0x00000000dd05ea58,0x00000000de180000)
  from space 10752K, 99% used [0x00000000de180000,0x00000000debfe5e0,0x00000000dec00000)
  to   space 10752K, 0% used [0x00000000e2c00000,0x00000000e2c00000,0x00000000e3680000)
 ParOldGen       total 175104K, used 530K [0x000000008e400000, 0x0000000098f00000, 0x00000000da180000)
  object space 175104K, 0% used [0x000000008e400000,0x000000008e484a70,0x0000000098f00000)
 Metaspace       used 20869K, capacity 21130K, committed 21296K, reserved 1069056K
  class space    used 2314K, capacity 2416K, committed 2432K, reserved 1048576K
Event: 7.109 GC heap after
Heap after GC invocations=4 (full 0):
 PSYoungGen      total 141824K, used 10722K [0x00000000da180000, 0x00000000e3680000, 0x0000000100000000)
  eden space 131072K, 0% used [0x00000000da180000,0x00000000da180000,0x00000000e2180000)
  from space 10752K, 99% used [0x00000000e2c00000,0x00000000e3678b30,0x00000000e3680000)
  to   space 10752K, 0% used [0x00000000e2180000,0x00000000e2180000,0x00000000e2c00000)
 ParOldGen       total 175104K, used 2751K [0x000000008e400000, 0x0000000098f00000, 0x00000000da180000)
  object space 175104K, 1% used [0x000000008e400000,0x000000008e6afe30,0x0000000098f00000)
 Metaspace       used 20869K, capacity 21130K, committed 21296K, reserved 1069056K
  class space    used 2314K, capacity 2416K, committed 2432K, reserved 1048576K
}
Event: 7.109 GC heap before
{Heap before GC invocations=5 (full 1):
 PSYoungGen      total 141824K, used 10722K [0x00000000da180000, 0x00000000e3680000, 0x0000000100000000)
  eden space 131072K, 0% used [0x00000000da180000,0x00000000da180000,0x00000000e2180000)
  from space 10752K, 99% used [0x00000000e2c00000,0x00000000e3678b30,0x00000000e3680000)
  to   space 10752K, 0% used [0x00000000e2180000,0x00000000e2180000,0x00000000e2c00000)
 ParOldGen       total 175104K, used 2751K [0x000000008e400000, 0x0000000098f00000, 0x00000000da180000)
  object space 175104K, 1% used [0x000000008e400000,0x000000008e6afe30,0x0000000098f00000)
 Metaspace       used 20869K, capacity 21130K, committed 21296K, reserved 1069056K
  class space    used 2314K, capacity 2416K, committed 2432K, reserved 1048576K
Event: 7.475 GC heap after
Heap after GC invocations=5 (full 1):
 PSYoungGen      total 141824K, used 0K [0x00000000da180000, 0x00000000e3680000, 0x0000000100000000)
  eden space 131072K, 0% used [0x00000000da180000,0x00000000da180000,0x00000000e2180000)
  from space 10752K, 0% used [0x00000000e2c00000,0x00000000e2c00000,0x00000000e3680000)
  to   space 10752K, 0% used [0x00000000e2180000,0x00000000e2180000,0x00000000e2c00000)
 ParOldGen       total 112640K, used 12926K [0x000000008e400000, 0x0000000095200000, 0x00000000da180000)
  object space 112640K, 11% used [0x000000008e400000,0x000000008f09f918,0x0000000095200000)
 Metaspace       used 20869K, capacity 21130K, committed 21296K, reserved 1069056K
  class space    used 2314K, capacity 2416K, committed 2432K, reserved 1048576K
}
Event: 24.776 GC heap before
{Heap before GC invocations=6 (full 1):
 PSYoungGen      total 141824K, used 131072K [0x00000000da180000, 0x00000000e3680000, 0x0000000100000000)
  eden space 131072K, 100% used [0x00000000da180000,0x00000000e2180000,0x00000000e2180000)
  from space 10752K, 0% used [0x00000000e2c00000,0x00000000e2c00000,0x00000000e3680000)
  to   space 10752K, 0% used [0x00000000e2180000,0x00000000e2180000,0x00000000e2c00000)
 ParOldGen       total 112640K, used 12926K [0x000000008e400000, 0x0000000095200000, 0x00000000da180000)
  object space 112640K, 11% used [0x000000008e400000,0x000000008f09f918,0x0000000095200000)
 Metaspace       used 28586K, capacity 29196K, committed 29312K, reserved 1075200K
  class space    used 3472K, capacity 3663K, committed 3712K, reserved 1048576K
Event: 24.788 GC heap after
Heap after GC invocations=6 (full 1):
 PSYoungGen      total 141824K, used 10173K [0x00000000da180000, 0x00000000e7600000, 0x0000000100000000)
  eden space 131072K, 0% used [0x00000000da180000,0x00000000da180000,0x00000000e2180000)
  from space 10752K, 94% used [0x00000000e2180000,0x00000000e2b6f538,0x00000000e2c00000)
  to   space 13824K, 0% used [0x00000000e6880000,0x00000000e6880000,0x00000000e7600000)
 ParOldGen       total 112640K, used 12934K [0x000000008e400000, 0x0000000095200000, 0x00000000da180000)
  object space 112640K, 11% used [0x000000008e400000,0x000000008f0a1918,0x0000000095200000)
 Metaspace       used 28586K, capacity 29196K, committed 29312K, reserved 1075200K
  class space    used 3472K, capacity 3663K, committed 3712K, reserved 1048576K
}
Event: 95.790 GC heap before
{Heap before GC invocations=7 (full 1):
 PSYoungGen      total 141824K, used 140963K [0x00000000da180000, 0x00000000e7600000, 0x0000000100000000)
  eden space 131072K, 99% used [0x00000000da180000,0x00000000e21396f0,0x00000000e2180000)
  from space 10752K, 94% used [0x00000000e2180000,0x00000000e2b6f538,0x00000000e2c00000)
  to   space 13824K, 0% used [0x00000000e6880000,0x00000000e6880000,0x00000000e7600000)
 ParOldGen       total 112640K, used 12934K [0x000000008e400000, 0x0000000095200000, 0x00000000da180000)
  object space 112640K, 11% used [0x000000008e400000,0x000000008f0a1918,0x0000000095200000)
 Metaspace       used 31570K, capacity 32340K, committed 32512K, reserved 1077248K
  class space    used 3795K, capacity 4042K, committed 4096K, reserved 1048576K
Event: 95.808 GC heap after
Heap after GC invocations=7 (full 1):
 PSYoungGen      total 194048K, used 13031K [0x00000000da180000, 0x00000000e7580000, 0x0000000100000000)
  eden space 180736K, 0% used [0x00000000da180000,0x00000000da180000,0x00000000e5200000)
  from space 13312K, 97% used [0x00000000e6880000,0x00000000e7539ce8,0x00000000e7580000)
  to   space 14848K, 0% used [0x00000000e5880000,0x00000000e5880000,0x00000000e6700000)
 ParOldGen       total 112640K, used 12934K [0x000000008e400000, 0x0000000095200000, 0x00000000da180000)
  object space 112640K, 11% used [0x000000008e400000,0x000000008f0a1918,0x0000000095200000)
 Metaspace       used 31570K, capacity 32340K, committed 32512K, reserved 1077248K
  class space    used 3795K, capacity 4042K, committed 4096K, reserved 1048576K
}

